2020-03-06 09:33:51,208 INFO o.a.j.u.JMeterUtils: Setting Locale to zh_CN
2020-03-06 09:33:51,254 INFO o.a.j.JMeter: Loading user properties from: user.properties
2020-03-06 09:33:51,286 INFO o.a.j.JMeter: Loading system properties from: system.properties
2020-03-06 09:33:51,342 INFO o.a.j.JMeter: Copyright (c) 1998-2017 The Apache Software Foundation
2020-03-06 09:33:51,342 INFO o.a.j.JMeter: Version 3.3 r1808647
2020-03-06 09:33:51,342 INFO o.a.j.JMeter: java.version=1.8.0_131
2020-03-06 09:33:51,342 INFO o.a.j.JMeter: java.vm.name=Java HotSpot(TM) 64-Bit Server VM
2020-03-06 09:33:51,342 INFO o.a.j.JMeter: os.name=Windows 7
2020-03-06 09:33:51,342 INFO o.a.j.JMeter: os.arch=amd64
2020-03-06 09:33:51,342 INFO o.a.j.JMeter: os.version=6.1
2020-03-06 09:33:51,342 INFO o.a.j.JMeter: file.encoding=GBK
2020-03-06 09:33:51,343 INFO o.a.j.JMeter: Max memory     =1888485376
2020-03-06 09:33:51,343 INFO o.a.j.JMeter: Available Processors =4
2020-03-06 09:33:51,401 INFO o.a.j.JMeter: Default Locale=中文 (中国)
2020-03-06 09:33:51,402 INFO o.a.j.JMeter: JMeter  Locale=中文 (中国)
2020-03-06 09:33:51,402 INFO o.a.j.JMeter: JMeterHome=D:\apache-jmeter-3.3
2020-03-06 09:33:51,402 INFO o.a.j.JMeter: user.dir  =D:\apache-jmeter-3.3\bin
2020-03-06 09:33:51,403 INFO o.a.j.JMeter: PWD       =D:\apache-jmeter-3.3\bin
2020-03-06 09:33:51,404 INFO o.a.j.JMeter: IP: 192.168.1.5 Name: NZRXEDHFHQNJYNH FullName: NZRXEDHFHQNJYNH
2020-03-06 09:33:51,404 INFO o.a.j.JMeter: plugin_dependency_paths=../dependencies/lib
2020-03-06 09:33:51,404 INFO o.a.j.JMeter: Adding to loader: ../dependencies/lib
