2019-08-02 10:46:27,131 INFO o.a.j.u.JMeterUtils: Setting Locale to zh_CN
2019-08-02 10:46:27,146 INFO o.a.j.JMeter: Loading user properties from: user.properties
2019-08-02 10:46:27,147 INFO o.a.j.JMeter: Loading system properties from: system.properties
2019-08-02 10:46:27,166 INFO o.a.j.JMeter: Copyright (c) 1998-2017 The Apache Software Foundation
2019-08-02 10:46:27,166 INFO o.a.j.JMeter: Version 3.3 r1808647
2019-08-02 10:46:27,166 INFO o.a.j.JMeter: java.version=1.8.0_181
2019-08-02 10:46:27,166 INFO o.a.j.JMeter: java.vm.name=Java HotSpot(TM) 64-Bit Server VM
2019-08-02 10:46:27,166 INFO o.a.j.JMeter: os.name=Windows 7
2019-08-02 10:46:27,166 INFO o.a.j.JMeter: os.arch=amd64
2019-08-02 10:46:27,166 INFO o.a.j.JMeter: os.version=6.1
2019-08-02 10:46:27,166 INFO o.a.j.JMeter: file.encoding=GBK
2019-08-02 10:46:27,167 INFO o.a.j.JMeter: Max memory     =536870912
2019-08-02 10:46:27,167 INFO o.a.j.JMeter: Available Processors =8
2019-08-02 10:46:27,185 INFO o.a.j.JMeter: Default Locale=中文 (中国)
2019-08-02 10:46:27,186 INFO o.a.j.JMeter: JMeter  Locale=中文 (中国)
2019-08-02 10:46:27,186 INFO o.a.j.JMeter: JMeterHome=D:\apache-jmeter-3.3
2019-08-02 10:46:27,186 INFO o.a.j.JMeter: user.dir  =D:\apache-jmeter-3.3\bin
2019-08-02 10:46:27,187 INFO o.a.j.JMeter: PWD       =D:\apache-jmeter-3.3\bin
2019-08-02 10:46:27,188 INFO o.a.j.JMeter: IP: 10.13.77.7 Name: NJ9YRH42-PC FullName: NJ9YRH42-PC.99bill.com
2019-08-02 10:46:27,548 INFO o.a.j.e.RemoteJMeterEngineImpl: Starting backing engine on 1099
2019-08-02 10:46:27,548 INFO o.a.j.e.RemoteJMeterEngineImpl: System property 'java.rmi.server.hostname' is not defined, using localHost address
2019-08-02 10:46:27,548 INFO o.a.j.e.RemoteJMeterEngineImpl: Local IP address=10.13.77.7
2019-08-02 10:46:27,548 INFO o.a.j.e.RemoteJMeterEngineImpl: IP address is a site-local address; this may cause problems with remote access.
	Can be overridden by defining the system property 'java.rmi.server.hostname' - see jmeter-server script file
2019-08-02 10:46:27,549 INFO o.a.j.e.RemoteJMeterEngineImpl: Creating RMI registry (server.rmi.create=true)
2019-08-02 10:46:27,552 INFO o.a.j.e.RemoteJMeterEngineImpl: Bound to registry on port 1099
2019-08-02 10:46:38,713 INFO o.a.j.s.SampleEvent: List of sample_variables: []
2019-08-02 10:46:38,756 INFO o.a.j.p.h.s.HTTPSamplerBase: Parser for text/html is org.apache.jmeter.protocol.http.parser.LagartoBasedHtmlParser
2019-08-02 10:46:38,756 INFO o.a.j.p.h.s.HTTPSamplerBase: Parser for application/xhtml+xml is org.apache.jmeter.protocol.http.parser.LagartoBasedHtmlParser
2019-08-02 10:46:38,756 INFO o.a.j.p.h.s.HTTPSamplerBase: Parser for application/xml is org.apache.jmeter.protocol.http.parser.LagartoBasedHtmlParser
2019-08-02 10:46:38,756 INFO o.a.j.p.h.s.HTTPSamplerBase: Parser for text/xml is org.apache.jmeter.protocol.http.parser.LagartoBasedHtmlParser
2019-08-02 10:46:38,756 INFO o.a.j.p.h.s.HTTPSamplerBase: Parser for text/vnd.wap.wml is org.apache.jmeter.protocol.http.parser.RegexpHTMLParser
2019-08-02 10:46:38,756 INFO o.a.j.p.h.s.HTTPSamplerBase: Parser for text/css is org.apache.jmeter.protocol.http.parser.CssParser
2019-08-02 10:46:38,776 INFO o.a.j.s.BatchSampleSender: Using batching for this run. Thresholds: num=100, time=60000
2019-08-02 10:46:38,777 INFO o.a.j.s.DataStrippingSampleSender: Using DataStrippingSampleSender for this run with stripAlsoOnError: true
2019-08-02 10:46:38,779 INFO o.a.j.s.BatchSampleSender: Using batching for this run. Thresholds: num=100, time=60000
2019-08-02 10:46:38,779 INFO o.a.j.s.DataStrippingSampleSender: Using DataStrippingSampleSender for this run with stripAlsoOnError: true
2019-08-02 10:46:38,779 INFO o.a.j.s.BatchSampleSender: Using batching for this run. Thresholds: num=100, time=60000
2019-08-02 10:46:38,779 INFO o.a.j.s.DataStrippingSampleSender: Using DataStrippingSampleSender for this run with stripAlsoOnError: true
2019-08-02 10:46:38,813 INFO o.a.j.e.RemoteJMeterEngineImpl: Creating JMeter engine on host 127.0.0.1 base '.'
2019-08-02 10:46:38,814 INFO o.a.j.e.RemoteJMeterEngineImpl: Remote client host: 10.13.77.7
2019-08-02 10:46:38,816 INFO o.a.j.s.FileServer: Default base='D:\apache-jmeter-3.3\bin'
2019-08-02 10:46:38,816 INFO o.a.j.s.FileServer: Set new base='.'
2019-08-02 10:46:38,831 INFO o.a.j.e.StandardJMeterEngine: Applying properties {}
2019-08-02 10:46:38,831 INFO o.a.j.e.RemoteJMeterEngineImpl: Running test
2019-08-02 10:46:38,835 INFO o.a.j.e.StandardJMeterEngine: Running the test!
2019-08-02 10:46:38,836 INFO o.a.j.s.SampleEvent: List of sample_variables: []
2019-08-02 10:46:38,840 INFO o.a.j.e.u.CompoundVariable: Note: Function class names must contain the string: '.functions.'
2019-08-02 10:46:38,840 INFO o.a.j.e.u.CompoundVariable: Note: Function class names must not contain the string: '.gui.'
2019-08-02 10:46:39,856 INFO o.a.j.e.StandardJMeterEngine: Starting ThreadGroup: 1 : cpspe记账
2019-08-02 10:46:39,856 INFO o.a.j.e.StandardJMeterEngine: Starting 10 threads for group cpspe记账.
2019-08-02 10:46:39,856 INFO o.a.j.e.StandardJMeterEngine: Thread will continue on error
2019-08-02 10:46:39,856 INFO o.a.j.t.ThreadGroup: Starting thread group... number=1 threads=10 ramp-up=1 perThread=100.0 delayedStart=false
2019-08-02 10:46:39,863 INFO o.a.j.t.JMeterThread: Thread started: cpspe记账 1-1
2019-08-02 10:46:39,866 INFO o.a.j.t.ThreadGroup: Started thread group number 1
2019-08-02 10:46:39,867 INFO o.a.j.e.StandardJMeterEngine: All thread groups have been started
2019-08-02 10:46:39,963 INFO o.a.j.t.JMeterThread: Thread started: cpspe记账 1-2
2019-08-02 10:46:40,063 INFO o.a.j.t.JMeterThread: Thread started: cpspe记账 1-3
2019-08-02 10:46:40,163 INFO o.a.j.t.JMeterThread: Thread started: cpspe记账 1-4
2019-08-02 10:46:40,266 INFO o.a.j.t.JMeterThread: Thread started: cpspe记账 1-5
2019-08-02 10:46:40,322 INFO o.a.j.p.h.s.HTTPHCAbstractImpl: Local host = NJ9YRH42-PC
2019-08-02 10:46:40,344 INFO o.a.j.p.h.s.HTTPHC4Impl: HTTP request retry count = 0
2019-08-02 10:46:40,354 INFO o.a.j.s.SampleResult: Note: Sample TimeStamps are START times
2019-08-02 10:46:40,354 INFO o.a.j.s.SampleResult: sampleresult.default.encoding is set to ISO-8859-1
2019-08-02 10:46:40,354 INFO o.a.j.s.SampleResult: sampleresult.useNanoTime=true
2019-08-02 10:46:40,354 INFO o.a.j.s.SampleResult: sampleresult.nanoThreadSleep=5000
2019-08-02 10:46:40,366 INFO o.a.j.t.JMeterThread: Thread started: cpspe记账 1-6
2019-08-02 10:46:40,467 INFO o.a.j.t.JMeterThread: Thread started: cpspe记账 1-7
2019-08-02 10:46:40,566 INFO o.a.j.t.JMeterThread: Thread started: cpspe记账 1-8
2019-08-02 10:46:40,668 INFO o.a.j.t.JMeterThread: Thread started: cpspe记账 1-9
2019-08-02 10:46:40,767 INFO o.a.j.t.JMeterThread: Thread started: cpspe记账 1-10
2019-08-02 10:46:49,150 INFO o.a.j.e.RemoteJMeterEngineImpl: Stopping test ...
2019-08-02 10:46:49,151 INFO o.a.j.e.RemoteJMeterEngineImpl: ... stopped
2019-08-02 10:46:49,152 INFO o.a.j.t.JMeterThread: Stopping: cpspe记账 1-10
2019-08-02 10:46:49,152 INFO o.a.j.t.JMeterThread: Stopping: cpspe记账 1-5
2019-08-02 10:46:49,153 INFO o.a.j.t.JMeterThread: Thread finished: cpspe记账 1-10
2019-08-02 10:46:49,153 WARN o.a.j.t.JMeterThread: Interrupting: cpspe记账 1-5 sampler: HTTP请求
2019-08-02 10:46:49,155 INFO o.a.j.t.JMeterThread: Stopping: cpspe记账 1-9
2019-08-02 10:46:49,155 WARN o.a.j.t.JMeterThread: Interrupting: cpspe记账 1-9 sampler: HTTP请求
2019-08-02 10:46:49,157 INFO o.a.j.t.JMeterThread: Stopping: cpspe记账 1-4
2019-08-02 10:46:49,157 WARN o.a.j.t.JMeterThread: Interrupting: cpspe记账 1-4 sampler: HTTP请求
2019-08-02 10:46:49,158 INFO o.a.j.t.JMeterThread: Stopping: cpspe记账 1-3
2019-08-02 10:46:49,158 WARN o.a.j.t.JMeterThread: Interrupting: cpspe记账 1-3 sampler: HTTP请求
2019-08-02 10:46:49,159 INFO o.a.j.t.JMeterThread: Stopping: cpspe记账 1-6
2019-08-02 10:46:49,159 WARN o.a.j.t.JMeterThread: Interrupting: cpspe记账 1-6 sampler: HTTP请求
2019-08-02 10:46:49,160 INFO o.a.j.t.JMeterThread: Stopping: cpspe记账 1-1
2019-08-02 10:46:49,160 WARN o.a.j.t.JMeterThread: Interrupting: cpspe记账 1-1 sampler: HTTP请求
2019-08-02 10:46:49,161 INFO o.a.j.t.JMeterThread: Stopping: cpspe记账 1-7
2019-08-02 10:46:49,161 WARN o.a.j.t.JMeterThread: Interrupting: cpspe记账 1-7 sampler: HTTP请求
2019-08-02 10:46:49,161 INFO o.a.j.t.JMeterThread: Stopping: cpspe记账 1-2
2019-08-02 10:46:49,162 WARN o.a.j.t.JMeterThread: Interrupting: cpspe记账 1-2 sampler: HTTP请求
2019-08-02 10:46:49,162 INFO o.a.j.t.JMeterThread: Stopping: cpspe记账 1-8
2019-08-02 10:46:49,162 WARN o.a.j.t.JMeterThread: Interrupting: cpspe记账 1-8 sampler: HTTP请求
2019-08-02 10:46:49,178 INFO o.a.j.t.JMeterThread: Thread finished: cpspe记账 1-8
2019-08-02 10:46:49,178 INFO o.a.j.t.JMeterThread: Thread finished: cpspe记账 1-5
2019-08-02 10:46:49,179 INFO o.a.j.t.JMeterThread: Thread finished: cpspe记账 1-6
2019-08-02 10:46:49,179 INFO o.a.j.t.JMeterThread: Thread finished: cpspe记账 1-1
2019-08-02 10:46:49,180 INFO o.a.j.t.JMeterThread: Thread finished: cpspe记账 1-7
2019-08-02 10:46:49,181 INFO o.a.j.t.JMeterThread: Thread finished: cpspe记账 1-9
2019-08-02 10:46:49,183 INFO o.a.j.t.JMeterThread: Thread finished: cpspe记账 1-3
2019-08-02 10:46:49,183 INFO o.a.j.t.JMeterThread: Thread finished: cpspe记账 1-2
2019-08-02 10:46:49,185 INFO o.a.j.t.JMeterThread: Thread finished: cpspe记账 1-4
2019-08-02 10:46:49,185 INFO o.a.j.e.StandardJMeterEngine: Notifying test listeners of end of test
2019-08-02 10:46:49,186 INFO o.a.j.s.DataStrippingSampleSender: Test Ended on 127.0.0.1
2019-08-02 10:46:49,186 INFO o.a.j.s.BatchSampleSender: Test Ended on 127.0.0.1
2019-08-02 10:46:49,191 INFO o.a.j.s.DataStrippingSampleSender: Test Ended on 127.0.0.1
2019-08-02 10:46:49,191 INFO o.a.j.s.BatchSampleSender: Test Ended on 127.0.0.1
2019-08-02 10:46:49,197 INFO o.a.j.s.DataStrippingSampleSender: Test Ended on 127.0.0.1
2019-08-02 10:46:49,197 INFO o.a.j.s.BatchSampleSender: Test Ended on 127.0.0.1
2019-08-02 10:46:49,205 INFO o.a.j.e.StandardJMeterEngine: Test has ended on host 127.0.0.1
2019-08-02 10:50:00,575 INFO o.a.j.s.BatchSampleSender: Using batching for this run. Thresholds: num=100, time=60000
2019-08-02 10:50:00,576 INFO o.a.j.s.DataStrippingSampleSender: Using DataStrippingSampleSender for this run with stripAlsoOnError: true
2019-08-02 10:50:00,577 INFO o.a.j.s.BatchSampleSender: Using batching for this run. Thresholds: num=100, time=60000
2019-08-02 10:50:00,577 INFO o.a.j.s.DataStrippingSampleSender: Using DataStrippingSampleSender for this run with stripAlsoOnError: true
2019-08-02 10:50:00,578 INFO o.a.j.s.BatchSampleSender: Using batching for this run. Thresholds: num=100, time=60000
2019-08-02 10:50:00,578 INFO o.a.j.s.DataStrippingSampleSender: Using DataStrippingSampleSender for this run with stripAlsoOnError: true
2019-08-02 10:50:00,583 INFO o.a.j.e.RemoteJMeterEngineImpl: Creating JMeter engine on host 127.0.0.1 base '.'
2019-08-02 10:50:00,583 INFO o.a.j.e.RemoteJMeterEngineImpl: Remote client host: 10.13.77.7
2019-08-02 10:50:00,584 INFO o.a.j.s.FileServer: Set new base='.'
2019-08-02 10:50:00,585 INFO o.a.j.e.RemoteJMeterEngineImpl: Cleaning previously set properties: {}
2019-08-02 10:50:00,609 INFO o.a.j.e.StandardJMeterEngine: Applying properties {}
2019-08-02 10:50:00,610 INFO o.a.j.e.RemoteJMeterEngineImpl: Running test
2019-08-02 10:50:00,610 INFO o.a.j.e.StandardJMeterEngine: Running the test!
2019-08-02 10:50:00,611 INFO o.a.j.s.SampleEvent: List of sample_variables: []
2019-08-02 10:50:00,655 INFO o.a.j.e.StandardJMeterEngine: Starting ThreadGroup: 1 : cpspe记账
2019-08-02 10:50:00,656 INFO o.a.j.e.StandardJMeterEngine: Starting 10 threads for group cpspe记账.
2019-08-02 10:50:00,656 INFO o.a.j.e.StandardJMeterEngine: Thread will continue on error
2019-08-02 10:50:00,657 INFO o.a.j.t.ThreadGroup: Starting thread group... number=1 threads=10 ramp-up=1 perThread=100.0 delayedStart=false
2019-08-02 10:50:00,659 INFO o.a.j.t.JMeterThread: Thread started: cpspe记账 1-1
2019-08-02 10:50:00,662 INFO o.a.j.t.ThreadGroup: Started thread group number 1
2019-08-02 10:50:00,662 INFO o.a.j.e.StandardJMeterEngine: All thread groups have been started
2019-08-02 10:50:00,762 INFO o.a.j.t.JMeterThread: Thread started: cpspe记账 1-2
2019-08-02 10:50:00,862 INFO o.a.j.t.JMeterThread: Thread started: cpspe记账 1-3
2019-08-02 10:50:00,961 INFO o.a.j.t.JMeterThread: Thread started: cpspe记账 1-4
2019-08-02 10:50:01,061 INFO o.a.j.t.JMeterThread: Thread started: cpspe记账 1-5
2019-08-02 10:50:01,161 INFO o.a.j.t.JMeterThread: Thread started: cpspe记账 1-6
2019-08-02 10:50:01,261 INFO o.a.j.t.JMeterThread: Thread started: cpspe记账 1-7
2019-08-02 10:50:01,362 INFO o.a.j.t.JMeterThread: Thread started: cpspe记账 1-8
2019-08-02 10:50:01,462 INFO o.a.j.t.JMeterThread: Thread started: cpspe记账 1-9
2019-08-02 10:50:01,570 INFO o.a.j.t.JMeterThread: Thread started: cpspe记账 1-10
2019-08-02 10:50:07,762 INFO o.a.j.e.RemoteJMeterEngineImpl: Stopping test ...
2019-08-02 10:50:07,762 INFO o.a.j.e.RemoteJMeterEngineImpl: ... stopped
2019-08-02 10:50:07,763 INFO o.a.j.t.JMeterThread: Stopping: cpspe记账 1-2
2019-08-02 10:50:07,763 WARN o.a.j.t.JMeterThread: Interrupting: cpspe记账 1-2 sampler: HTTP请求
2019-08-02 10:50:07,765 INFO o.a.j.t.JMeterThread: Stopping: cpspe记账 1-1
2019-08-02 10:50:07,765 WARN o.a.j.t.JMeterThread: Interrupting: cpspe记账 1-1 sampler: HTTP请求
2019-08-02 10:50:07,766 INFO o.a.j.t.JMeterThread: Stopping: cpspe记账 1-4
2019-08-02 10:50:07,766 WARN o.a.j.t.JMeterThread: Interrupting: cpspe记账 1-4 sampler: HTTP请求
2019-08-02 10:50:07,767 INFO o.a.j.t.JMeterThread: Stopping: cpspe记账 1-6
2019-08-02 10:50:07,767 INFO o.a.j.t.JMeterThread: Stopping: cpspe记账 1-5
2019-08-02 10:50:07,767 WARN o.a.j.t.JMeterThread: Interrupting: cpspe记账 1-5 sampler: HTTP请求
2019-08-02 10:50:07,767 INFO o.a.j.t.JMeterThread: Thread finished: cpspe记账 1-2
2019-08-02 10:50:07,768 INFO o.a.j.t.JMeterThread: Stopping: cpspe记账 1-9
2019-08-02 10:50:07,769 WARN o.a.j.t.JMeterThread: Interrupting: cpspe记账 1-9 sampler: HTTP请求
2019-08-02 10:50:07,768 INFO o.a.j.t.JMeterThread: Thread finished: cpspe记账 1-1
2019-08-02 10:50:07,770 INFO o.a.j.t.JMeterThread: Stopping: cpspe记账 1-7
2019-08-02 10:50:07,770 WARN o.a.j.t.JMeterThread: Interrupting: cpspe记账 1-7 sampler: HTTP请求
2019-08-02 10:50:07,771 INFO o.a.j.t.JMeterThread: Thread finished: cpspe记账 1-4
2019-08-02 10:50:07,768 INFO o.a.j.t.JMeterThread: Thread finished: cpspe记账 1-6
2019-08-02 10:50:07,774 INFO o.a.j.t.JMeterThread: Thread finished: cpspe记账 1-5
2019-08-02 10:50:07,774 INFO o.a.j.t.JMeterThread: Stopping: cpspe记账 1-8
2019-08-02 10:50:07,775 WARN o.a.j.t.JMeterThread: Interrupting: cpspe记账 1-8 sampler: HTTP请求
2019-08-02 10:50:07,774 INFO o.a.j.t.JMeterThread: Thread finished: cpspe记账 1-9
2019-08-02 10:50:07,778 INFO o.a.j.t.JMeterThread: Thread finished: cpspe记账 1-7
2019-08-02 10:50:07,780 INFO o.a.j.t.JMeterThread: Stopping: cpspe记账 1-3
2019-08-02 10:50:07,780 WARN o.a.j.t.JMeterThread: Interrupting: cpspe记账 1-3 sampler: HTTP请求
2019-08-02 10:50:07,781 INFO o.a.j.t.JMeterThread: Stopping: cpspe记账 1-10
2019-08-02 10:50:07,781 WARN o.a.j.t.JMeterThread: Interrupting: cpspe记账 1-10 sampler: HTTP请求
2019-08-02 10:50:07,782 INFO o.a.j.t.JMeterThread: Thread finished: cpspe记账 1-3
2019-08-02 10:50:07,784 INFO o.a.j.t.JMeterThread: Thread finished: cpspe记账 1-8
2019-08-02 10:50:07,787 INFO o.a.j.t.JMeterThread: Thread finished: cpspe记账 1-10
2019-08-02 10:50:07,788 INFO o.a.j.e.StandardJMeterEngine: Notifying test listeners of end of test
2019-08-02 10:50:07,788 INFO o.a.j.s.DataStrippingSampleSender: Test Ended on 127.0.0.1
2019-08-02 10:50:07,788 INFO o.a.j.s.BatchSampleSender: Test Ended on 127.0.0.1
2019-08-02 10:50:07,795 INFO o.a.j.s.DataStrippingSampleSender: Test Ended on 127.0.0.1
2019-08-02 10:50:07,795 INFO o.a.j.s.BatchSampleSender: Test Ended on 127.0.0.1
2019-08-02 10:50:07,802 INFO o.a.j.s.DataStrippingSampleSender: Test Ended on 127.0.0.1
2019-08-02 10:50:07,802 INFO o.a.j.s.BatchSampleSender: Test Ended on 127.0.0.1
2019-08-02 10:50:07,810 INFO o.a.j.e.StandardJMeterEngine: Test has ended on host 127.0.0.1
2019-08-02 10:59:16,628 INFO o.a.j.s.BatchSampleSender: Using batching for this run. Thresholds: num=100, time=60000
2019-08-02 10:59:16,629 INFO o.a.j.s.DataStrippingSampleSender: Using DataStrippingSampleSender for this run with stripAlsoOnError: true
2019-08-02 10:59:16,629 INFO o.a.j.s.BatchSampleSender: Using batching for this run. Thresholds: num=100, time=60000
2019-08-02 10:59:16,629 INFO o.a.j.s.DataStrippingSampleSender: Using DataStrippingSampleSender for this run with stripAlsoOnError: true
2019-08-02 10:59:16,631 INFO o.a.j.s.BatchSampleSender: Using batching for this run. Thresholds: num=100, time=60000
2019-08-02 10:59:16,631 INFO o.a.j.s.DataStrippingSampleSender: Using DataStrippingSampleSender for this run with stripAlsoOnError: true
2019-08-02 10:59:16,635 INFO o.a.j.e.RemoteJMeterEngineImpl: Creating JMeter engine on host 127.0.0.1 base '.'
2019-08-02 10:59:16,635 INFO o.a.j.e.RemoteJMeterEngineImpl: Remote client host: 10.13.77.7
2019-08-02 10:59:16,636 INFO o.a.j.s.FileServer: Set new base='.'
2019-08-02 10:59:16,636 INFO o.a.j.e.RemoteJMeterEngineImpl: Cleaning previously set properties: {}
2019-08-02 10:59:16,637 INFO o.a.j.e.StandardJMeterEngine: Applying properties {}
2019-08-02 10:59:16,637 INFO o.a.j.e.RemoteJMeterEngineImpl: Running test
2019-08-02 10:59:16,638 INFO o.a.j.e.StandardJMeterEngine: Running the test!
2019-08-02 10:59:16,638 INFO o.a.j.s.SampleEvent: List of sample_variables: []
2019-08-02 10:59:16,689 INFO o.a.j.e.StandardJMeterEngine: Starting ThreadGroup: 1 : cpspe记账
2019-08-02 10:59:16,689 INFO o.a.j.e.StandardJMeterEngine: Starting 10 threads for group cpspe记账.
2019-08-02 10:59:16,689 INFO o.a.j.e.StandardJMeterEngine: Thread will continue on error
2019-08-02 10:59:16,689 INFO o.a.j.t.ThreadGroup: Starting thread group... number=1 threads=10 ramp-up=1 perThread=100.0 delayedStart=false
2019-08-02 10:59:16,690 INFO o.a.j.t.JMeterThread: Thread started: cpspe记账 1-1
2019-08-02 10:59:16,696 INFO o.a.j.t.ThreadGroup: Started thread group number 1
2019-08-02 10:59:16,697 INFO o.a.j.e.StandardJMeterEngine: All thread groups have been started
2019-08-02 10:59:16,794 INFO o.a.j.t.JMeterThread: Thread started: cpspe记账 1-2
2019-08-02 10:59:16,894 INFO o.a.j.t.JMeterThread: Thread started: cpspe记账 1-3
2019-08-02 10:59:16,994 INFO o.a.j.t.JMeterThread: Thread started: cpspe记账 1-4
2019-08-02 10:59:17,095 INFO o.a.j.t.JMeterThread: Thread started: cpspe记账 1-5
2019-08-02 10:59:17,195 INFO o.a.j.t.JMeterThread: Thread started: cpspe记账 1-6
2019-08-02 10:59:17,296 INFO o.a.j.t.JMeterThread: Thread started: cpspe记账 1-7
2019-08-02 10:59:17,396 INFO o.a.j.t.JMeterThread: Thread started: cpspe记账 1-8
2019-08-02 10:59:17,496 INFO o.a.j.t.JMeterThread: Thread started: cpspe记账 1-9
2019-08-02 10:59:17,597 INFO o.a.j.t.JMeterThread: Thread started: cpspe记账 1-10
2019-08-02 10:59:17,716 INFO o.a.j.e.RemoteJMeterEngineImpl: Stopping test ...
2019-08-02 10:59:17,717 INFO o.a.j.e.RemoteJMeterEngineImpl: ... stopped
2019-08-02 10:59:17,717 INFO o.a.j.t.JMeterThread: Stopping: cpspe记账 1-6
2019-08-02 10:59:17,717 WARN o.a.j.t.JMeterThread: Interrupting: cpspe记账 1-6 sampler: HTTP请求
2019-08-02 10:59:17,717 INFO o.a.j.t.JMeterThread: Stopping: cpspe记账 1-10
2019-08-02 10:59:17,718 WARN o.a.j.t.JMeterThread: Interrupting: cpspe记账 1-10 sampler: HTTP请求
2019-08-02 10:59:17,718 INFO o.a.j.t.JMeterThread: Thread finished: cpspe记账 1-6
2019-08-02 10:59:17,719 INFO o.a.j.t.JMeterThread: Thread finished: cpspe记账 1-10
2019-08-02 10:59:17,720 INFO o.a.j.t.JMeterThread: Stopping: cpspe记账 1-5
2019-08-02 10:59:17,720 WARN o.a.j.t.JMeterThread: Interrupting: cpspe记账 1-5 sampler: HTTP请求
2019-08-02 10:59:17,721 INFO o.a.j.t.JMeterThread: Stopping: cpspe记账 1-1
2019-08-02 10:59:17,721 WARN o.a.j.t.JMeterThread: Interrupting: cpspe记账 1-1 sampler: HTTP请求
2019-08-02 10:59:17,721 INFO o.a.j.t.JMeterThread: Stopping: cpspe记账 1-3
2019-08-02 10:59:17,721 WARN o.a.j.t.JMeterThread: Interrupting: cpspe记账 1-3 sampler: HTTP请求
2019-08-02 10:59:17,721 INFO o.a.j.t.JMeterThread: Thread finished: cpspe记账 1-5
2019-08-02 10:59:17,722 INFO o.a.j.t.JMeterThread: Stopping: cpspe记账 1-9
2019-08-02 10:59:17,722 WARN o.a.j.t.JMeterThread: Interrupting: cpspe记账 1-9 sampler: HTTP请求
2019-08-02 10:59:17,722 INFO o.a.j.t.JMeterThread: Thread finished: cpspe记账 1-1
2019-08-02 10:59:17,723 INFO o.a.j.t.JMeterThread: Thread finished: cpspe记账 1-3
2019-08-02 10:59:17,723 INFO o.a.j.t.JMeterThread: Stopping: cpspe记账 1-4
2019-08-02 10:59:17,723 WARN o.a.j.t.JMeterThread: Interrupting: cpspe记账 1-4 sampler: HTTP请求
2019-08-02 10:59:17,724 INFO o.a.j.t.JMeterThread: Stopping: cpspe记账 1-8
2019-08-02 10:59:17,725 WARN o.a.j.t.JMeterThread: Interrupting: cpspe记账 1-8 sampler: HTTP请求
2019-08-02 10:59:17,725 INFO o.a.j.t.JMeterThread: Stopping: cpspe记账 1-2
2019-08-02 10:59:17,725 WARN o.a.j.t.JMeterThread: Interrupting: cpspe记账 1-2 sampler: HTTP请求
2019-08-02 10:59:17,726 INFO o.a.j.t.JMeterThread: Thread finished: cpspe记账 1-4
2019-08-02 10:59:17,726 INFO o.a.j.t.JMeterThread: Thread finished: cpspe记账 1-9
2019-08-02 10:59:17,727 INFO o.a.j.t.JMeterThread: Stopping: cpspe记账 1-7
2019-08-02 10:59:17,727 WARN o.a.j.t.JMeterThread: Interrupting: cpspe记账 1-7 sampler: HTTP请求
2019-08-02 10:59:17,727 INFO o.a.j.t.JMeterThread: Thread finished: cpspe记账 1-8
2019-08-02 10:59:17,727 INFO o.a.j.t.JMeterThread: Thread finished: cpspe记账 1-2
2019-08-02 10:59:17,728 INFO o.a.j.t.JMeterThread: Thread finished: cpspe记账 1-7
2019-08-02 10:59:17,729 INFO o.a.j.e.StandardJMeterEngine: Notifying test listeners of end of test
2019-08-02 10:59:17,729 INFO o.a.j.s.DataStrippingSampleSender: Test Ended on 127.0.0.1
2019-08-02 10:59:17,729 INFO o.a.j.s.BatchSampleSender: Test Ended on 127.0.0.1
2019-08-02 10:59:17,732 INFO o.a.j.s.DataStrippingSampleSender: Test Ended on 127.0.0.1
2019-08-02 10:59:17,732 INFO o.a.j.s.BatchSampleSender: Test Ended on 127.0.0.1
2019-08-02 10:59:17,735 INFO o.a.j.s.DataStrippingSampleSender: Test Ended on 127.0.0.1
2019-08-02 10:59:17,735 INFO o.a.j.s.BatchSampleSender: Test Ended on 127.0.0.1
2019-08-02 10:59:17,742 INFO o.a.j.e.StandardJMeterEngine: Test has ended on host 127.0.0.1
